# JRE version: Java(TM) SE Runtime Environment (24.0+36) (build 24+36-3646)
# Java VM: Java HotSpot(TM) 64-Bit Server VM (24+36-3646, mixed mode, emulated-client, sharing, tiered, compressed oops, compressed class ptrs, g1 gc, windows-amd64)
GC Precious Log:
 CardTable entry size: 512
 Card Set container configuration: InlinePtr #cards 4 size 8 Array Of Cards #cards 32 size 80 Howl #buckets 8 coarsen threshold 7372 Howl Bitmap #cards 1024 size 144 coarsen threshold 921 Card regions per heap region 1 cards per card region 8192
 CPUs: 16 total, 16 available
 Memory: 32045M
 Large Page Support: Disabled
 NUMA Support: Disabled
 Compressed Oops: Enabled (Zero based)
 Heap Region Size: 4M
 Heap Min Capacity: 8M
 Heap Initial Capacity: 504M
 Heap Max Capacity: 8012M
 Pre-touch: Disabled
 Parallel Workers: 13
 Concurrent Workers: 3
 Concurrent Refinement Workers: 13
 Periodic GC: Disabled
Heap:
 garbage-first heap   total reserved 8204288K, committed 65536K, used 40122K [0x000000060b400000, 0x0000000800000000)
  region size 4096K, 9 young (36864K), 2 survivors (8192K)
 Metaspace       used 30778K, committed 31360K, reserved 1114112K
  class space    used 3588K, committed 3840K, reserved 1048576K
GC Heap History (14 events):
Event: 0.983 GC heap before
{Heap before GC invocations=0 (full 0):
 garbage-first heap   total reserved 8204288K, committed 520192K, used 50292K [0x000000060b400000, 0x0000000800000000)
  region size 4096K, 12 young (49152K), 0 survivors (0K)
 Metaspace       used 11241K, committed 11520K, reserved 1114112K
  class space    used 1338K, committed 1472K, reserved 1048576K
}
Event: 0.988 GC heap after
{Heap after GC invocations=1 (full 0):
 garbage-first heap   total reserved 8204288K, committed 520192K, used 7600K [0x000000060b400000, 0x0000000800000000)
  region size 4096K, 2 young (8192K), 2 survivors (8192K)
 Metaspace       used 11241K, committed 11520K, reserved 1114112K
  class space    used 1338K, committed 1472K, reserved 1048576K
}
Event: 1.077 GC heap before
{Heap before GC invocations=1 (full 0):
 garbage-first heap   total reserved 8204288K, committed 520192K, used 15792K [0x000000060b400000, 0x0000000800000000)
  region size 4096K, 5 young (20480K), 2 survivors (8192K)
 Metaspace       used 14005K, committed 14272K, reserved 1114112K
  class space    used 1552K, committed 1664K, reserved 1048576K
}
Event: 1.080 GC heap after
{Heap after GC invocations=2 (full 0):
 garbage-first heap   total reserved 8204288K, committed 520192K, used 8105K [0x000000060b400000, 0x0000000800000000)
  region size 4096K, 2 young (8192K), 2 survivors (8192K)
 Metaspace       used 14005K, committed 14272K, reserved 1114112K
  class space    used 1552K, committed 1664K, reserved 1048576K
}
Event: 1.339 GC heap before
{Heap before GC invocations=3 (full 0):
 garbage-first heap   total reserved 8204288K, committed 40960K, used 36777K [0x000000060b400000, 0x0000000800000000)
  region size 4096K, 9 young (36864K), 2 survivors (8192K)
 Metaspace       used 19046K, committed 19392K, reserved 1114112K
  class space    used 2123K, committed 2240K, reserved 1048576K
}
Event: 1.345 GC heap after
{Heap after GC invocations=4 (full 0):
 garbage-first heap   total reserved 8204288K, committed 53248K, used 10669K [0x000000060b400000, 0x0000000800000000)
  region size 4096K, 3 young (12288K), 3 survivors (12288K)
 Metaspace       used 19046K, committed 19392K, reserved 1114112K
  class space    used 2123K, committed 2240K, reserved 1048576K
}
Event: 1.537 GC heap before
{Heap before GC invocations=4 (full 0):
 garbage-first heap   total reserved 8204288K, committed 53248K, used 27053K [0x000000060b400000, 0x0000000800000000)
  region size 4096K, 7 young (28672K), 3 survivors (12288K)
 Metaspace       used 19975K, committed 20288K, reserved 1114112K
  class space    used 2245K, committed 2368K, reserved 1048576K
}
Event: 1.545 GC heap after
{Heap after GC invocations=5 (full 0):
 garbage-first heap   total reserved 8204288K, committed 53248K, used 11106K [0x000000060b400000, 0x0000000800000000)
  region size 4096K, 1 young (4096K), 1 survivors (4096K)
 Metaspace       used 19975K, committed 20288K, reserved 1114112K
  class space    used 2245K, committed 2368K, reserved 1048576K
}
Event: 1.852 GC heap before
{Heap before GC invocations=5 (full 0):
 garbage-first heap   total reserved 8204288K, committed 53248K, used 31586K [0x000000060b400000, 0x0000000800000000)
  region size 4096K, 6 young (24576K), 1 survivors (4096K)
 Metaspace       used 22736K, committed 23168K, reserved 1114112K
  class space    used 2622K, committed 2816K, reserved 1048576K
}
Event: 1.856 GC heap after
{Heap after GC invocations=6 (full 0):
 garbage-first heap   total reserved 8204288K, committed 53248K, used 12199K [0x000000060b400000, 0x0000000800000000)
  region size 4096K, 1 young (4096K), 1 survivors (4096K)
 Metaspace       used 22736K, committed 23168K, reserved 1114112K
  class space    used 2622K, committed 2816K, reserved 1048576K
}
Event: 1.900 GC heap before
{Heap before GC invocations=6 (full 0):
 garbage-first heap   total reserved 8204288K, committed 53248K, used 12199K [0x000000060b400000, 0x0000000800000000)
  region size 4096K, 2 young (8192K), 1 survivors (4096K)
 Metaspace       used 23411K, committed 23808K, reserved 1114112K
  class space    used 2681K, committed 2880K, reserved 1048576K
}
Event: 1.907 GC heap after
{Heap after GC invocations=7 (full 0):
 garbage-first heap   total reserved 8204288K, committed 286720K, used 12743K [0x000000060b400000, 0x0000000800000000)
  region size 4096K, 1 young (4096K), 1 survivors (4096K)
 Metaspace       used 23411K, committed 23808K, reserved 1114112K
  class space    used 2681K, committed 2880K, reserved 1048576K
}
Event: 2.949 GC heap before
{Heap before GC invocations=8 (full 0):
 garbage-first heap   total reserved 8204288K, committed 57344K, used 53703K [0x000000060b400000, 0x0000000800000000)
  region size 4096K, 11 young (45056K), 1 survivors (4096K)
 Metaspace       used 28454K, committed 28928K, reserved 1114112K
  class space    used 3291K, committed 3520K, reserved 1048576K
}
Event: 2.957 GC heap after
{Heap after GC invocations=9 (full 0):
 garbage-first heap   total reserved 8204288K, committed 65536K, used 15546K [0x000000060b400000, 0x0000000800000000)
  region size 4096K, 2 young (8192K), 2 survivors (8192K)
 Metaspace       used 28454K, committed 28928K, reserved 1114112K
  class space    used 3291K, committed 3520K, reserved 1048576K
}

